Analysis & Synthesis report for AEC
Mon Apr 24 14:55:03 2023
Quartus Prime Version 20.1.1 Build 720 11/11/2020 SJ Lite Edition


---------------------
; Table of Contents ;
---------------------
  1. Legal Notice
  2. Analysis & Synthesis Summary
  3. Analysis & Synthesis Settings
  4. Parallel Compilation
  5. Analysis & Synthesis Source Files Read
  6. Analysis & Synthesis Resource Usage Summary
  7. Analysis & Synthesis Resource Utilization by Entity
  8. Analysis & Synthesis DSP Block Usage Summary
  9. State Machine - |AEC|CurrentState
 10. Registers Removed During Synthesis
 11. General Register Statistics
 12. Multiplexer Restructuring Statistics (Restructuring Performed)
 13. Parameter Settings for Inferred Entity Instance: lpm_mult:Mult0
 14. lpm_mult Parameter Settings by Entity Instance
 15. Post-Synthesis Netlist Statistics for Top Partition
 16. Elapsed Time Per Partition
 17. Analysis & Synthesis Messages



----------------
; Legal Notice ;
----------------
Copyright (C) 2020  Intel Corporation. All rights reserved.
Your use of Intel Corporation's design tools, logic functions 
and other software and tools, and any partner logic 
functions, and any output files from any of the foregoing 
(including device programming or simulation files), and any 
associated documentation or information are expressly subject 
to the terms and conditions of the Intel Program License 
Subscription Agreement, the Intel Quartus Prime License Agreement,
the Intel FPGA IP License Agreement, or other applicable license
agreement, including, without limitation, that your use is for
the sole purpose of programming logic devices manufactured by
Intel and sold by Intel or its authorized distributors.  Please
refer to the applicable agreement for further details, at
https://fpgasoftware.intel.com/eula.



+----------------------------------------------------------------------------------+
; Analysis & Synthesis Summary                                                     ;
+------------------------------------+---------------------------------------------+
; Analysis & Synthesis Status        ; Successful - Mon Apr 24 14:55:03 2023       ;
; Quartus Prime Version              ; 20.1.1 Build 720 11/11/2020 SJ Lite Edition ;
; Revision Name                      ; AEC                                         ;
; Top-level Entity Name              ; AEC                                         ;
; Family                             ; Cyclone IV E                                ;
; Total logic elements               ; 876                                         ;
;     Total combinational functions  ; 569                                         ;
;     Dedicated logic registers      ; 349                                         ;
; Total registers                    ; 349                                         ;
; Total pins                         ; 19                                          ;
; Total virtual pins                 ; 0                                           ;
; Total memory bits                  ; 0                                           ;
; Embedded Multiplier 9-bit elements ; 1                                           ;
; Total PLLs                         ; 0                                           ;
+------------------------------------+---------------------------------------------+


+------------------------------------------------------------------------------------------------------------+
; Analysis & Synthesis Settings                                                                              ;
+------------------------------------------------------------------+--------------------+--------------------+
; Option                                                           ; Setting            ; Default Value      ;
+------------------------------------------------------------------+--------------------+--------------------+
; Top-level entity name                                            ; AEC                ; AEC                ;
; Family name                                                      ; Cyclone IV E       ; Cyclone V          ;
; Use smart compilation                                            ; Off                ; Off                ;
; Enable parallel Assembler and Timing Analyzer during compilation ; On                 ; On                 ;
; Enable compact report table                                      ; Off                ; Off                ;
; Restructure Multiplexers                                         ; Auto               ; Auto               ;
; Create Debugging Nodes for IP Cores                              ; Off                ; Off                ;
; Preserve fewer node names                                        ; On                 ; On                 ;
; Intel FPGA IP Evaluation Mode                                    ; Enable             ; Enable             ;
; Verilog Version                                                  ; Verilog_2001       ; Verilog_2001       ;
; VHDL Version                                                     ; VHDL_1993          ; VHDL_1993          ;
; State Machine Processing                                         ; Auto               ; Auto               ;
; Safe State Machine                                               ; Off                ; Off                ;
; Extract Verilog State Machines                                   ; On                 ; On                 ;
; Extract VHDL State Machines                                      ; On                 ; On                 ;
; Ignore Verilog initial constructs                                ; Off                ; Off                ;
; Iteration limit for constant Verilog loops                       ; 5000               ; 5000               ;
; Iteration limit for non-constant Verilog loops                   ; 250                ; 250                ;
; Add Pass-Through Logic to Inferred RAMs                          ; On                 ; On                 ;
; Infer RAMs from Raw Logic                                        ; On                 ; On                 ;
; Parallel Synthesis                                               ; On                 ; On                 ;
; DSP Block Balancing                                              ; Auto               ; Auto               ;
; NOT Gate Push-Back                                               ; On                 ; On                 ;
; Power-Up Don't Care                                              ; On                 ; On                 ;
; Remove Redundant Logic Cells                                     ; Off                ; Off                ;
; Remove Duplicate Registers                                       ; On                 ; On                 ;
; Ignore CARRY Buffers                                             ; Off                ; Off                ;
; Ignore CASCADE Buffers                                           ; Off                ; Off                ;
; Ignore GLOBAL Buffers                                            ; Off                ; Off                ;
; Ignore ROW GLOBAL Buffers                                        ; Off                ; Off                ;
; Ignore LCELL Buffers                                             ; Off                ; Off                ;
; Ignore SOFT Buffers                                              ; On                 ; On                 ;
; Limit AHDL Integers to 32 Bits                                   ; Off                ; Off                ;
; Optimization Technique                                           ; Balanced           ; Balanced           ;
; Carry Chain Length                                               ; 70                 ; 70                 ;
; Auto Carry Chains                                                ; On                 ; On                 ;
; Auto Open-Drain Pins                                             ; On                 ; On                 ;
; Perform WYSIWYG Primitive Resynthesis                            ; Off                ; Off                ;
; Auto ROM Replacement                                             ; On                 ; On                 ;
; Auto RAM Replacement                                             ; On                 ; On                 ;
; Auto DSP Block Replacement                                       ; On                 ; On                 ;
; Auto Shift Register Replacement                                  ; Auto               ; Auto               ;
; Allow Shift Register Merging across Hierarchies                  ; Auto               ; Auto               ;
; Auto Clock Enable Replacement                                    ; On                 ; On                 ;
; Strict RAM Replacement                                           ; Off                ; Off                ;
; Allow Synchronous Control Signals                                ; On                 ; On                 ;
; Force Use of Synchronous Clear Signals                           ; Off                ; Off                ;
; Auto RAM Block Balancing                                         ; On                 ; On                 ;
; Auto RAM to Logic Cell Conversion                                ; Off                ; Off                ;
; Auto Resource Sharing                                            ; Off                ; Off                ;
; Allow Any RAM Size For Recognition                               ; Off                ; Off                ;
; Allow Any ROM Size For Recognition                               ; Off                ; Off                ;
; Allow Any Shift Register Size For Recognition                    ; Off                ; Off                ;
; Use LogicLock Constraints during Resource Balancing              ; On                 ; On                 ;
; Ignore translate_off and synthesis_off directives                ; Off                ; Off                ;
; Timing-Driven Synthesis                                          ; On                 ; On                 ;
; Report Parameter Settings                                        ; On                 ; On                 ;
; Report Source Assignments                                        ; On                 ; On                 ;
; Report Connectivity Checks                                       ; On                 ; On                 ;
; Ignore Maximum Fan-Out Assignments                               ; Off                ; Off                ;
; Synchronization Register Chain Length                            ; 2                  ; 2                  ;
; Power Optimization During Synthesis                              ; Normal compilation ; Normal compilation ;
; HDL message level                                                ; Level2             ; Level2             ;
; Suppress Register Optimization Related Messages                  ; Off                ; Off                ;
; Number of Removed Registers Reported in Synthesis Report         ; 5000               ; 5000               ;
; Number of Swept Nodes Reported in Synthesis Report               ; 5000               ; 5000               ;
; Number of Inverted Registers Reported in Synthesis Report        ; 100                ; 100                ;
; Clock MUX Protection                                             ; On                 ; On                 ;
; Auto Gated Clock Conversion                                      ; Off                ; Off                ;
; Block Design Naming                                              ; Auto               ; Auto               ;
; SDC constraint protection                                        ; Off                ; Off                ;
; Synthesis Effort                                                 ; Auto               ; Auto               ;
; Shift Register Replacement - Allow Asynchronous Clear Signal     ; On                 ; On                 ;
; Pre-Mapping Resynthesis Optimization                             ; Off                ; Off                ;
; Analysis & Synthesis Message Level                               ; Medium             ; Medium             ;
; Disable Register Merging Across Hierarchies                      ; Auto               ; Auto               ;
; Resource Aware Inference For Block RAM                           ; On                 ; On                 ;
+------------------------------------------------------------------+--------------------+--------------------+


+------------------------------------------+
; Parallel Compilation                     ;
+----------------------------+-------------+
; Processors                 ; Number      ;
+----------------------------+-------------+
; Number detected on machine ; 4           ;
; Maximum allowed            ; 2           ;
;                            ;             ;
; Average used               ; 1.00        ;
; Maximum used               ; 2           ;
;                            ;             ;
; Usage by Processor         ; % Time Used ;
;     Processor 1            ; 100.0%      ;
;     Processor 2            ;   0.0%      ;
+----------------------------+-------------+


+--------------------------------------------------------------------------------------------------------------------------------------------------------------------------+
; Analysis & Synthesis Source Files Read                                                                                                                                   ;
+----------------------------------+-----------------+------------------------------+----------------------------------------------------------------------------+---------+
; File Name with User-Entered Path ; Used in Netlist ; File Type                    ; File Name with Absolute Path                                               ; Library ;
+----------------------------------+-----------------+------------------------------+----------------------------------------------------------------------------+---------+
; AEC_fan.v                        ; yes             ; User Verilog HDL File        ; C:/Users/Tuco/Desktop/IC design/homework/question/HW3/file/AEC_fan.v       ;         ;
; lpm_mult.tdf                     ; yes             ; Megafunction                 ; c:/intelfpga_lite/20.1/quartus/libraries/megafunctions/lpm_mult.tdf        ;         ;
; aglobal201.inc                   ; yes             ; Megafunction                 ; c:/intelfpga_lite/20.1/quartus/libraries/megafunctions/aglobal201.inc      ;         ;
; lpm_add_sub.inc                  ; yes             ; Megafunction                 ; c:/intelfpga_lite/20.1/quartus/libraries/megafunctions/lpm_add_sub.inc     ;         ;
; multcore.inc                     ; yes             ; Megafunction                 ; c:/intelfpga_lite/20.1/quartus/libraries/megafunctions/multcore.inc        ;         ;
; bypassff.inc                     ; yes             ; Megafunction                 ; c:/intelfpga_lite/20.1/quartus/libraries/megafunctions/bypassff.inc        ;         ;
; altshift.inc                     ; yes             ; Megafunction                 ; c:/intelfpga_lite/20.1/quartus/libraries/megafunctions/altshift.inc        ;         ;
; db/mult_6at.tdf                  ; yes             ; Auto-Generated Megafunction  ; C:/Users/Tuco/Desktop/IC design/homework/question/HW3/file/db/mult_6at.tdf ;         ;
+----------------------------------+-----------------+------------------------------+----------------------------------------------------------------------------+---------+


+---------------------------------------------------------+
; Analysis & Synthesis Resource Usage Summary             ;
+---------------------------------------------+-----------+
; Resource                                    ; Usage     ;
+---------------------------------------------+-----------+
; Estimated Total logic elements              ; 876       ;
;                                             ;           ;
; Total combinational functions               ; 569       ;
; Logic element usage by number of LUT inputs ;           ;
;     -- 4 input functions                    ; 466       ;
;     -- 3 input functions                    ; 73        ;
;     -- <=2 input functions                  ; 30        ;
;                                             ;           ;
; Logic elements by mode                      ;           ;
;     -- normal mode                          ; 554       ;
;     -- arithmetic mode                      ; 15        ;
;                                             ;           ;
; Total registers                             ; 349       ;
;     -- Dedicated logic registers            ; 349       ;
;     -- I/O registers                        ; 0         ;
;                                             ;           ;
; I/O pins                                    ; 19        ;
;                                             ;           ;
; Embedded Multiplier 9-bit elements          ; 1         ;
;                                             ;           ;
; Maximum fan-out node                        ; clk~input ;
; Maximum fan-out                             ; 349       ;
; Total fan-out                               ; 3231      ;
; Average fan-out                             ; 3.37      ;
+---------------------------------------------+-----------+


+---------------------------------------------------------------------------------------------------------------------------------------------------------------------------------------------------------------------------------------+
; Analysis & Synthesis Resource Utilization by Entity                                                                                                                                                                                   ;
+---------------------------------+---------------------+---------------------------+-------------+--------------+---------+-----------+------+--------------+---------------------------------------------+-------------+--------------+
; Compilation Hierarchy Node      ; Combinational ALUTs ; Dedicated Logic Registers ; Memory Bits ; DSP Elements ; DSP 9x9 ; DSP 18x18 ; Pins ; Virtual Pins ; Full Hierarchy Name                         ; Entity Name ; Library Name ;
+---------------------------------+---------------------+---------------------------+-------------+--------------+---------+-----------+------+--------------+---------------------------------------------+-------------+--------------+
; |AEC                            ; 569 (569)           ; 349 (349)                 ; 0           ; 1            ; 1       ; 0         ; 19   ; 0            ; |AEC                                        ; AEC         ; work         ;
;    |lpm_mult:Mult0|             ; 0 (0)               ; 0 (0)                     ; 0           ; 1            ; 1       ; 0         ; 0    ; 0            ; |AEC|lpm_mult:Mult0                         ; lpm_mult    ; work         ;
;       |mult_6at:auto_generated| ; 0 (0)               ; 0 (0)                     ; 0           ; 1            ; 1       ; 0         ; 0    ; 0            ; |AEC|lpm_mult:Mult0|mult_6at:auto_generated ; mult_6at    ; work         ;
+---------------------------------+---------------------+---------------------------+-------------+--------------+---------+-----------+------+--------------+---------------------------------------------+-------------+--------------+
Note: For table entries with two numbers listed, the numbers in parentheses indicate the number of resources of the given type used by the specific entity alone. The numbers listed outside of parentheses indicate the total resources of the given type used by the specific entity and all of its sub-entities in the hierarchy.


+-----------------------------------------------------+
; Analysis & Synthesis DSP Block Usage Summary        ;
+---------------------------------------+-------------+
; Statistic                             ; Number Used ;
+---------------------------------------+-------------+
; Simple Multipliers (9-bit)            ; 1           ;
; Simple Multipliers (18-bit)           ; 0           ;
; Embedded Multiplier Blocks            ; --          ;
; Embedded Multiplier 9-bit elements    ; 1           ;
; Signed Embedded Multipliers           ; 0           ;
; Unsigned Embedded Multipliers         ; 1           ;
; Mixed Sign Embedded Multipliers       ; 0           ;
; Variable Sign Embedded Multipliers    ; 0           ;
; Dedicated Input Shift Register Chains ; 0           ;
+---------------------------------------+-------------+
Note: number of Embedded Multiplier Blocks used is only available after a successful fit.


Encoding Type:  One-Hot
+--------------------------------------------------------------------------------------------------------------------------------------------------+
; State Machine - |AEC|CurrentState                                                                                                                ;
+--------------------------+--------------------------+----------------------+------------------------+----------------------+---------------------+
; Name                     ; CurrentState.CALCULATION ; CurrentState.POPMULT ; CurrentState.POPSINGLE ; CurrentState.DATA_IN ; CurrentState.OUTPUT ;
+--------------------------+--------------------------+----------------------+------------------------+----------------------+---------------------+
; CurrentState.DATA_IN     ; 0                        ; 0                    ; 0                      ; 0                    ; 0                   ;
; CurrentState.POPSINGLE   ; 0                        ; 0                    ; 1                      ; 1                    ; 0                   ;
; CurrentState.POPMULT     ; 0                        ; 1                    ; 0                      ; 1                    ; 0                   ;
; CurrentState.CALCULATION ; 1                        ; 0                    ; 0                      ; 1                    ; 0                   ;
; CurrentState.OUTPUT      ; 0                        ; 0                    ; 0                      ; 1                    ; 1                   ;
+--------------------------+--------------------------+----------------------+------------------------+----------------------+---------------------+


+---------------------------------------------------------------------------------+
; Registers Removed During Synthesis                                              ;
+----------------------------------------+----------------------------------------+
; Register name                          ; Reason for Removal                     ;
+----------------------------------------+----------------------------------------+
; data[0][6]                             ; Stuck at GND due to stuck port data_in ;
; data[1][6]                             ; Stuck at GND due to stuck port data_in ;
; data[2][6]                             ; Stuck at GND due to stuck port data_in ;
; data[3][6]                             ; Stuck at GND due to stuck port data_in ;
; data[4][6]                             ; Stuck at GND due to stuck port data_in ;
; data[5][6]                             ; Stuck at GND due to stuck port data_in ;
; data[6][6]                             ; Stuck at GND due to stuck port data_in ;
; data[7][6]                             ; Stuck at GND due to stuck port data_in ;
; data[8][6]                             ; Stuck at GND due to stuck port data_in ;
; data[9][6]                             ; Stuck at GND due to stuck port data_in ;
; data[10][6]                            ; Stuck at GND due to stuck port data_in ;
; data[11][6]                            ; Stuck at GND due to stuck port data_in ;
; data[12][6]                            ; Stuck at GND due to stuck port data_in ;
; data[13][6]                            ; Stuck at GND due to stuck port data_in ;
; data[14][6]                            ; Stuck at GND due to stuck port data_in ;
; data[15][6]                            ; Stuck at GND due to stuck port data_in ;
; CurrentState~2                         ; Lost fanout                            ;
; CurrentState~3                         ; Lost fanout                            ;
; Total Number of Removed Registers = 18 ;                                        ;
+----------------------------------------+----------------------------------------+


+------------------------------------------------------+
; General Register Statistics                          ;
+----------------------------------------------+-------+
; Statistic                                    ; Value ;
+----------------------------------------------+-------+
; Total registers                              ; 349   ;
; Number of registers using Synchronous Clear  ; 8     ;
; Number of registers using Synchronous Load   ; 0     ;
; Number of registers using Asynchronous Clear ; 0     ;
; Number of registers using Asynchronous Load  ; 0     ;
; Number of registers using Clock Enable       ; 340   ;
; Number of registers using Preset             ; 0     ;
+----------------------------------------------+-------+


+------------------------------------------------------------------------------------------------------------------------------------------+
; Multiplexer Restructuring Statistics (Restructuring Performed)                                                                           ;
+--------------------+-----------+---------------+----------------------+------------------------+------------+----------------------------+
; Multiplexer Inputs ; Bus Width ; Baseline Area ; Area if Restructured ; Saving if Restructured ; Registered ; Example Multiplexer Output ;
+--------------------+-----------+---------------+----------------------+------------------------+------------+----------------------------+
; 9:1                ; 4 bits    ; 24 LEs        ; 4 LEs                ; 20 LEs                 ; Yes        ; |AEC|string_index[1]       ;
; 9:1                ; 4 bits    ; 24 LEs        ; 4 LEs                ; 20 LEs                 ; Yes        ; |AEC|data_index[3]         ;
; 9:1                ; 4 bits    ; 24 LEs        ; 8 LEs                ; 16 LEs                 ; Yes        ; |AEC|data_num[0]           ;
; 7:1                ; 7 bits    ; 28 LEs        ; 7 LEs                ; 21 LEs                 ; Yes        ; |AEC|string[15][2]         ;
; 7:1                ; 7 bits    ; 28 LEs        ; 7 LEs                ; 21 LEs                 ; Yes        ; |AEC|string[14][6]         ;
; 7:1                ; 7 bits    ; 28 LEs        ; 7 LEs                ; 21 LEs                 ; Yes        ; |AEC|string[13][6]         ;
; 7:1                ; 7 bits    ; 28 LEs        ; 7 LEs                ; 21 LEs                 ; Yes        ; |AEC|string[12][6]         ;
; 7:1                ; 7 bits    ; 28 LEs        ; 7 LEs                ; 21 LEs                 ; Yes        ; |AEC|string[11][0]         ;
; 7:1                ; 7 bits    ; 28 LEs        ; 7 LEs                ; 21 LEs                 ; Yes        ; |AEC|string[10][5]         ;
; 7:1                ; 7 bits    ; 28 LEs        ; 7 LEs                ; 21 LEs                 ; Yes        ; |AEC|string[9][1]          ;
; 7:1                ; 7 bits    ; 28 LEs        ; 7 LEs                ; 21 LEs                 ; Yes        ; |AEC|string[8][0]          ;
; 7:1                ; 7 bits    ; 28 LEs        ; 7 LEs                ; 21 LEs                 ; Yes        ; |AEC|string[7][1]          ;
; 7:1                ; 7 bits    ; 28 LEs        ; 7 LEs                ; 21 LEs                 ; Yes        ; |AEC|string[6][1]          ;
; 7:1                ; 7 bits    ; 28 LEs        ; 7 LEs                ; 21 LEs                 ; Yes        ; |AEC|string[5][1]          ;
; 7:1                ; 7 bits    ; 28 LEs        ; 7 LEs                ; 21 LEs                 ; Yes        ; |AEC|string[4][4]          ;
; 7:1                ; 7 bits    ; 28 LEs        ; 7 LEs                ; 21 LEs                 ; Yes        ; |AEC|string[3][3]          ;
; 7:1                ; 7 bits    ; 28 LEs        ; 7 LEs                ; 21 LEs                 ; Yes        ; |AEC|string[2][2]          ;
; 7:1                ; 7 bits    ; 28 LEs        ; 7 LEs                ; 21 LEs                 ; Yes        ; |AEC|string[1][6]          ;
; 7:1                ; 7 bits    ; 28 LEs        ; 7 LEs                ; 21 LEs                 ; Yes        ; |AEC|string[0][2]          ;
; 11:1               ; 4 bits    ; 28 LEs        ; 8 LEs                ; 20 LEs                 ; Yes        ; |AEC|stack_index[3]        ;
; 138:1              ; 7 bits    ; 644 LEs       ; 21 LEs               ; 623 LEs                ; Yes        ; |AEC|stack[15][4]          ;
; 138:1              ; 7 bits    ; 644 LEs       ; 21 LEs               ; 623 LEs                ; Yes        ; |AEC|stack[14][4]          ;
; 138:1              ; 7 bits    ; 644 LEs       ; 21 LEs               ; 623 LEs                ; Yes        ; |AEC|stack[13][4]          ;
; 138:1              ; 7 bits    ; 644 LEs       ; 21 LEs               ; 623 LEs                ; Yes        ; |AEC|stack[12][6]          ;
; 138:1              ; 7 bits    ; 644 LEs       ; 21 LEs               ; 623 LEs                ; Yes        ; |AEC|stack[11][4]          ;
; 138:1              ; 7 bits    ; 644 LEs       ; 21 LEs               ; 623 LEs                ; Yes        ; |AEC|stack[10][5]          ;
; 138:1              ; 7 bits    ; 644 LEs       ; 21 LEs               ; 623 LEs                ; Yes        ; |AEC|stack[9][5]           ;
; 138:1              ; 7 bits    ; 644 LEs       ; 21 LEs               ; 623 LEs                ; Yes        ; |AEC|stack[8][3]           ;
; 138:1              ; 7 bits    ; 644 LEs       ; 21 LEs               ; 623 LEs                ; Yes        ; |AEC|stack[7][1]           ;
; 138:1              ; 7 bits    ; 644 LEs       ; 21 LEs               ; 623 LEs                ; Yes        ; |AEC|stack[6][3]           ;
; 138:1              ; 7 bits    ; 644 LEs       ; 21 LEs               ; 623 LEs                ; Yes        ; |AEC|stack[5][1]           ;
; 138:1              ; 7 bits    ; 644 LEs       ; 21 LEs               ; 623 LEs                ; Yes        ; |AEC|stack[4][6]           ;
; 138:1              ; 7 bits    ; 644 LEs       ; 21 LEs               ; 623 LEs                ; Yes        ; |AEC|stack[3][4]           ;
; 138:1              ; 7 bits    ; 644 LEs       ; 21 LEs               ; 623 LEs                ; Yes        ; |AEC|stack[2][3]           ;
; 138:1              ; 7 bits    ; 644 LEs       ; 21 LEs               ; 623 LEs                ; Yes        ; |AEC|stack[1][5]           ;
; 138:1              ; 7 bits    ; 644 LEs       ; 21 LEs               ; 623 LEs                ; Yes        ; |AEC|stack[0][5]           ;
; 3:1                ; 16 bits   ; 32 LEs        ; 32 LEs               ; 0 LEs                  ; No         ; |AEC|stack                 ;
; 16:1               ; 7 bits    ; 70 LEs        ; 70 LEs               ; 0 LEs                  ; No         ; |AEC|Mux7                  ;
; 16:1               ; 7 bits    ; 70 LEs        ; 70 LEs               ; 0 LEs                  ; No         ; |AEC|Mux19                 ;
; 16:1               ; 7 bits    ; 70 LEs        ; 70 LEs               ; 0 LEs                  ; No         ; |AEC|Mux1                  ;
; 16:1               ; 7 bits    ; 70 LEs        ; 70 LEs               ; 0 LEs                  ; No         ; |AEC|Mux20                 ;
+--------------------+-----------+---------------+----------------------+------------------------+------------+----------------------------+


+-------------------------------------------------------------------------------------+
; Parameter Settings for Inferred Entity Instance: lpm_mult:Mult0                     ;
+------------------------------------------------+--------------+---------------------+
; Parameter Name                                 ; Value        ; Type                ;
+------------------------------------------------+--------------+---------------------+
; AUTO_CARRY_CHAINS                              ; ON           ; AUTO_CARRY          ;
; IGNORE_CARRY_BUFFERS                           ; OFF          ; IGNORE_CARRY        ;
; AUTO_CASCADE_CHAINS                            ; ON           ; AUTO_CASCADE        ;
; IGNORE_CASCADE_BUFFERS                         ; OFF          ; IGNORE_CASCADE      ;
; LPM_WIDTHA                                     ; 7            ; Untyped             ;
; LPM_WIDTHB                                     ; 7            ; Untyped             ;
; LPM_WIDTHP                                     ; 14           ; Untyped             ;
; LPM_WIDTHR                                     ; 14           ; Untyped             ;
; LPM_WIDTHS                                     ; 1            ; Untyped             ;
; LPM_REPRESENTATION                             ; UNSIGNED     ; Untyped             ;
; LPM_PIPELINE                                   ; 0            ; Untyped             ;
; LATENCY                                        ; 0            ; Untyped             ;
; INPUT_A_IS_CONSTANT                            ; NO           ; Untyped             ;
; INPUT_B_IS_CONSTANT                            ; NO           ; Untyped             ;
; USE_EAB                                        ; OFF          ; Untyped             ;
; MAXIMIZE_SPEED                                 ; 5            ; Untyped             ;
; DEVICE_FAMILY                                  ; Cyclone IV E ; Untyped             ;
; CARRY_CHAIN                                    ; MANUAL       ; Untyped             ;
; APEX20K_TECHNOLOGY_MAPPER                      ; LUT          ; TECH_MAPPER_APEX20K ;
; DEDICATED_MULTIPLIER_CIRCUITRY                 ; AUTO         ; Untyped             ;
; DEDICATED_MULTIPLIER_MIN_INPUT_WIDTH_FOR_AUTO  ; 0            ; Untyped             ;
; DEDICATED_MULTIPLIER_MIN_OUTPUT_WIDTH_FOR_AUTO ; 0            ; Untyped             ;
; CBXI_PARAMETER                                 ; mult_6at     ; Untyped             ;
; INPUT_A_FIXED_VALUE                            ; Bx           ; Untyped             ;
; INPUT_B_FIXED_VALUE                            ; Bx           ; Untyped             ;
; USE_AHDL_IMPLEMENTATION                        ; OFF          ; Untyped             ;
+------------------------------------------------+--------------+---------------------+
Note: In order to hide this table in the UI and the text report file, please set the "Show Parameter Settings in Synthesis Report" option in "Analysis and Synthesis Settings -> More Settings" to "Off".


+--------------------------------------------------------+
; lpm_mult Parameter Settings by Entity Instance         ;
+---------------------------------------+----------------+
; Name                                  ; Value          ;
+---------------------------------------+----------------+
; Number of entity instances            ; 1              ;
; Entity Instance                       ; lpm_mult:Mult0 ;
;     -- LPM_WIDTHA                     ; 7              ;
;     -- LPM_WIDTHB                     ; 7              ;
;     -- LPM_WIDTHP                     ; 14             ;
;     -- LPM_REPRESENTATION             ; UNSIGNED       ;
;     -- INPUT_A_IS_CONSTANT            ; NO             ;
;     -- INPUT_B_IS_CONSTANT            ; NO             ;
;     -- USE_EAB                        ; OFF            ;
;     -- DEDICATED_MULTIPLIER_CIRCUITRY ; AUTO           ;
;     -- INPUT_A_FIXED_VALUE            ; Bx             ;
;     -- INPUT_B_FIXED_VALUE            ; Bx             ;
+---------------------------------------+----------------+


+-----------------------------------------------------+
; Post-Synthesis Netlist Statistics for Top Partition ;
+-----------------------+-----------------------------+
; Type                  ; Count                       ;
+-----------------------+-----------------------------+
; boundary_port         ; 19                          ;
; cycloneiii_ff         ; 349                         ;
;     ENA               ; 336                         ;
;     ENA SCLR          ; 4                           ;
;     SCLR              ; 4                           ;
;     plain             ; 5                           ;
; cycloneiii_lcell_comb ; 569                         ;
;     arith             ; 15                          ;
;         3 data inputs ; 15                          ;
;     normal            ; 554                         ;
;         2 data inputs ; 30                          ;
;         3 data inputs ; 58                          ;
;         4 data inputs ; 466                         ;
; cycloneiii_mac_mult   ; 1                           ;
; cycloneiii_mac_out    ; 1                           ;
;                       ;                             ;
; Max LUT depth         ; 10.00                       ;
; Average LUT depth     ; 7.95                        ;
+-----------------------+-----------------------------+


+-------------------------------+
; Elapsed Time Per Partition    ;
+----------------+--------------+
; Partition Name ; Elapsed Time ;
+----------------+--------------+
; Top            ; 00:00:03     ;
+----------------+--------------+


+-------------------------------+
; Analysis & Synthesis Messages ;
+-------------------------------+
Info: *******************************************************************
Info: Running Quartus Prime Analysis & Synthesis
    Info: Version 20.1.1 Build 720 11/11/2020 SJ Lite Edition
    Info: Processing started: Mon Apr 24 14:54:50 2023
Info: Command: quartus_map --read_settings_files=on --write_settings_files=off AEC -c AEC
Warning (18236): Number of processors has not been specified which may cause overloading on shared machines.  Set the global assignment NUM_PARALLEL_PROCESSORS in your QSF to an appropriate value for best performance.
Info (20030): Parallel compilation is enabled and will use 2 of the 2 processors detected
Warning (10463): Verilog HDL Declaration warning at AEC_fan.v(15): "string" is SystemVerilog-2005 keyword File: C:/Users/Tuco/Desktop/IC design/homework/question/HW3/file/AEC_fan.v Line: 15
Info (12021): Found 1 design units, including 1 entities, in source file aec_fan.v
    Info (12023): Found entity 1: AEC File: C:/Users/Tuco/Desktop/IC design/homework/question/HW3/file/AEC_fan.v Line: 1
Info (12127): Elaborating entity "AEC" for the top level hierarchy
Warning (10230): Verilog HDL assignment warning at AEC_fan.v(60): truncated value with size 32 to match size of target (4) File: C:/Users/Tuco/Desktop/IC design/homework/question/HW3/file/AEC_fan.v Line: 60
Warning (10230): Verilog HDL assignment warning at AEC_fan.v(65): truncated value with size 32 to match size of target (4) File: C:/Users/Tuco/Desktop/IC design/homework/question/HW3/file/AEC_fan.v Line: 65
Warning (10230): Verilog HDL assignment warning at AEC_fan.v(71): truncated value with size 32 to match size of target (4) File: C:/Users/Tuco/Desktop/IC design/homework/question/HW3/file/AEC_fan.v Line: 71
Warning (10230): Verilog HDL assignment warning at AEC_fan.v(72): truncated value with size 32 to match size of target (4) File: C:/Users/Tuco/Desktop/IC design/homework/question/HW3/file/AEC_fan.v Line: 72
Warning (10230): Verilog HDL assignment warning at AEC_fan.v(75): truncated value with size 32 to match size of target (4) File: C:/Users/Tuco/Desktop/IC design/homework/question/HW3/file/AEC_fan.v Line: 75
Warning (10230): Verilog HDL assignment warning at AEC_fan.v(79): truncated value with size 32 to match size of target (4) File: C:/Users/Tuco/Desktop/IC design/homework/question/HW3/file/AEC_fan.v Line: 79
Warning (10230): Verilog HDL assignment warning at AEC_fan.v(80): truncated value with size 32 to match size of target (4) File: C:/Users/Tuco/Desktop/IC design/homework/question/HW3/file/AEC_fan.v Line: 80
Warning (10230): Verilog HDL assignment warning at AEC_fan.v(85): truncated value with size 32 to match size of target (4) File: C:/Users/Tuco/Desktop/IC design/homework/question/HW3/file/AEC_fan.v Line: 85
Warning (10230): Verilog HDL assignment warning at AEC_fan.v(86): truncated value with size 32 to match size of target (4) File: C:/Users/Tuco/Desktop/IC design/homework/question/HW3/file/AEC_fan.v Line: 86
Warning (10230): Verilog HDL assignment warning at AEC_fan.v(87): truncated value with size 32 to match size of target (4) File: C:/Users/Tuco/Desktop/IC design/homework/question/HW3/file/AEC_fan.v Line: 87
Warning (10230): Verilog HDL assignment warning at AEC_fan.v(91): truncated value with size 32 to match size of target (4) File: C:/Users/Tuco/Desktop/IC design/homework/question/HW3/file/AEC_fan.v Line: 91
Warning (10230): Verilog HDL assignment warning at AEC_fan.v(92): truncated value with size 32 to match size of target (4) File: C:/Users/Tuco/Desktop/IC design/homework/question/HW3/file/AEC_fan.v Line: 92
Warning (10230): Verilog HDL assignment warning at AEC_fan.v(93): truncated value with size 32 to match size of target (4) File: C:/Users/Tuco/Desktop/IC design/homework/question/HW3/file/AEC_fan.v Line: 93
Warning (10230): Verilog HDL assignment warning at AEC_fan.v(94): truncated value with size 32 to match size of target (4) File: C:/Users/Tuco/Desktop/IC design/homework/question/HW3/file/AEC_fan.v Line: 94
Warning (10230): Verilog HDL assignment warning at AEC_fan.v(98): truncated value with size 32 to match size of target (4) File: C:/Users/Tuco/Desktop/IC design/homework/question/HW3/file/AEC_fan.v Line: 98
Warning (10230): Verilog HDL assignment warning at AEC_fan.v(99): truncated value with size 32 to match size of target (4) File: C:/Users/Tuco/Desktop/IC design/homework/question/HW3/file/AEC_fan.v Line: 99
Warning (10230): Verilog HDL assignment warning at AEC_fan.v(104): truncated value with size 32 to match size of target (4) File: C:/Users/Tuco/Desktop/IC design/homework/question/HW3/file/AEC_fan.v Line: 104
Warning (10230): Verilog HDL assignment warning at AEC_fan.v(109): truncated value with size 32 to match size of target (4) File: C:/Users/Tuco/Desktop/IC design/homework/question/HW3/file/AEC_fan.v Line: 109
Warning (10230): Verilog HDL assignment warning at AEC_fan.v(110): truncated value with size 32 to match size of target (4) File: C:/Users/Tuco/Desktop/IC design/homework/question/HW3/file/AEC_fan.v Line: 110
Warning (10230): Verilog HDL assignment warning at AEC_fan.v(113): truncated value with size 32 to match size of target (4) File: C:/Users/Tuco/Desktop/IC design/homework/question/HW3/file/AEC_fan.v Line: 113
Warning (10230): Verilog HDL assignment warning at AEC_fan.v(125): truncated value with size 32 to match size of target (4) File: C:/Users/Tuco/Desktop/IC design/homework/question/HW3/file/AEC_fan.v Line: 125
Warning (10230): Verilog HDL assignment warning at AEC_fan.v(126): truncated value with size 32 to match size of target (4) File: C:/Users/Tuco/Desktop/IC design/homework/question/HW3/file/AEC_fan.v Line: 126
Warning (10230): Verilog HDL assignment warning at AEC_fan.v(130): truncated value with size 32 to match size of target (4) File: C:/Users/Tuco/Desktop/IC design/homework/question/HW3/file/AEC_fan.v Line: 130
Warning (10230): Verilog HDL assignment warning at AEC_fan.v(131): truncated value with size 32 to match size of target (4) File: C:/Users/Tuco/Desktop/IC design/homework/question/HW3/file/AEC_fan.v Line: 131
Info (278001): Inferred 1 megafunctions from design logic
    Info (278003): Inferred multiplier megafunction ("lpm_mult") from the following logic: "Mult0" File: C:/Users/Tuco/Desktop/IC design/homework/question/HW3/file/AEC_fan.v Line: 121
Info (12130): Elaborated megafunction instantiation "lpm_mult:Mult0" File: C:/Users/Tuco/Desktop/IC design/homework/question/HW3/file/AEC_fan.v Line: 121
Info (12133): Instantiated megafunction "lpm_mult:Mult0" with the following parameter: File: C:/Users/Tuco/Desktop/IC design/homework/question/HW3/file/AEC_fan.v Line: 121
    Info (12134): Parameter "LPM_WIDTHA" = "7"
    Info (12134): Parameter "LPM_WIDTHB" = "7"
    Info (12134): Parameter "LPM_WIDTHP" = "14"
    Info (12134): Parameter "LPM_WIDTHR" = "14"
    Info (12134): Parameter "LPM_WIDTHS" = "1"
    Info (12134): Parameter "LPM_REPRESENTATION" = "UNSIGNED"
    Info (12134): Parameter "INPUT_A_IS_CONSTANT" = "NO"
    Info (12134): Parameter "INPUT_B_IS_CONSTANT" = "NO"
    Info (12134): Parameter "MAXIMIZE_SPEED" = "5"
Info (12021): Found 1 design units, including 1 entities, in source file db/mult_6at.tdf
    Info (12023): Found entity 1: mult_6at File: C:/Users/Tuco/Desktop/IC design/homework/question/HW3/file/db/mult_6at.tdf Line: 29
Info (286030): Timing-Driven Synthesis is running
Info (17049): 2 registers lost all their fanouts during netlist optimizations.
Info (16010): Generating hard_block partition "hard_block:auto_generated_inst"
    Info (16011): Adding 0 node(s), including 0 DDIO, 0 PLL, 0 transceiver and 0 LCELL
Warning (21074): Design contains 1 input pin(s) that do not drive logic
    Warning (15610): No output dependent on input pin "ready" File: C:/Users/Tuco/Desktop/IC design/homework/question/HW3/file/AEC_fan.v Line: 6
Info (21057): Implemented 916 device resources after synthesis - the final resource count might be different
    Info (21058): Implemented 11 input pins
    Info (21059): Implemented 8 output pins
    Info (21061): Implemented 896 logic cells
    Info (21062): Implemented 1 DSP elements
Info: Quartus Prime Analysis & Synthesis was successful. 0 errors, 28 warnings
    Info: Peak virtual memory: 4752 megabytes
    Info: Processing ended: Mon Apr 24 14:55:03 2023
    Info: Elapsed time: 00:00:13
    Info: Total CPU time (on all processors): 00:00:24


