Analysis & Synthesis report for LCD_CTRL
Tue Sep 05 12:02:54 2023
Quartus Prime Version 20.1.1 Build 720 11/11/2020 SJ Lite Edition


---------------------
; Table of Contents ;
---------------------
  1. Legal Notice
  2. Analysis & Synthesis Summary
  3. Analysis & Synthesis Settings
  4. Parallel Compilation
  5. Analysis & Synthesis Source Files Read
  6. Analysis & Synthesis Resource Usage Summary
  7. Analysis & Synthesis Resource Utilization by Entity
  8. State Machine - |LCD_CTRL|state_reg
  9. Registers Removed During Synthesis
 10. General Register Statistics
 11. Inverted Register Statistics
 12. Multiplexer Restructuring Statistics (Restructuring Performed)
 13. Port Connectivity Checks: "MMS_4num:b"
 14. Port Connectivity Checks: "MMS_4num:a"
 15. Post-Synthesis Netlist Statistics for Top Partition
 16. Elapsed Time Per Partition
 17. Analysis & Synthesis Messages



----------------
; Legal Notice ;
----------------
Copyright (C) 2020  Intel Corporation. All rights reserved.
Your use of Intel Corporation's design tools, logic functions 
and other software and tools, and any partner logic 
functions, and any output files from any of the foregoing 
(including device programming or simulation files), and any 
associated documentation or information are expressly subject 
to the terms and conditions of the Intel Program License 
Subscription Agreement, the Intel Quartus Prime License Agreement,
the Intel FPGA IP License Agreement, or other applicable license
agreement, including, without limitation, that your use is for
the sole purpose of programming logic devices manufactured by
Intel and sold by Intel or its authorized distributors.  Please
refer to the applicable agreement for further details, at
https://fpgasoftware.intel.com/eula.



+----------------------------------------------------------------------------------+
; Analysis & Synthesis Summary                                                     ;
+------------------------------------+---------------------------------------------+
; Analysis & Synthesis Status        ; Successful - Tue Sep 05 12:02:54 2023       ;
; Quartus Prime Version              ; 20.1.1 Build 720 11/11/2020 SJ Lite Edition ;
; Revision Name                      ; LCD_CTRL                                    ;
; Top-level Entity Name              ; LCD_CTRL                                    ;
; Family                             ; Cyclone IV E                                ;
; Total logic elements               ; 3,963                                       ;
;     Total combinational functions  ; 3,955                                       ;
;     Dedicated logic registers      ; 552                                         ;
; Total registers                    ; 552                                         ;
; Total pins                         ; 39                                          ;
; Total virtual pins                 ; 0                                           ;
; Total memory bits                  ; 0                                           ;
; Embedded Multiplier 9-bit elements ; 0                                           ;
; Total PLLs                         ; 0                                           ;
+------------------------------------+---------------------------------------------+


+------------------------------------------------------------------------------------------------------------+
; Analysis & Synthesis Settings                                                                              ;
+------------------------------------------------------------------+--------------------+--------------------+
; Option                                                           ; Setting            ; Default Value      ;
+------------------------------------------------------------------+--------------------+--------------------+
; Device                                                           ; EP4CE55F23A7       ;                    ;
; Top-level entity name                                            ; LCD_CTRL           ; LCD_CTRL           ;
; Family name                                                      ; Cyclone IV E       ; Cyclone V          ;
; Use smart compilation                                            ; Off                ; Off                ;
; Enable parallel Assembler and Timing Analyzer during compilation ; On                 ; On                 ;
; Enable compact report table                                      ; Off                ; Off                ;
; Restructure Multiplexers                                         ; Auto               ; Auto               ;
; Create Debugging Nodes for IP Cores                              ; Off                ; Off                ;
; Preserve fewer node names                                        ; On                 ; On                 ;
; Intel FPGA IP Evaluation Mode                                    ; Enable             ; Enable             ;
; Verilog Version                                                  ; Verilog_2001       ; Verilog_2001       ;
; VHDL Version                                                     ; VHDL_1993          ; VHDL_1993          ;
; State Machine Processing                                         ; Auto               ; Auto               ;
; Safe State Machine                                               ; Off                ; Off                ;
; Extract Verilog State Machines                                   ; On                 ; On                 ;
; Extract VHDL State Machines                                      ; On                 ; On                 ;
; Ignore Verilog initial constructs                                ; Off                ; Off                ;
; Iteration limit for constant Verilog loops                       ; 5000               ; 5000               ;
; Iteration limit for non-constant Verilog loops                   ; 250                ; 250                ;
; Add Pass-Through Logic to Inferred RAMs                          ; On                 ; On                 ;
; Infer RAMs from Raw Logic                                        ; On                 ; On                 ;
; Parallel Synthesis                                               ; On                 ; On                 ;
; DSP Block Balancing                                              ; Auto               ; Auto               ;
; NOT Gate Push-Back                                               ; On                 ; On                 ;
; Power-Up Don't Care                                              ; On                 ; On                 ;
; Remove Redundant Logic Cells                                     ; Off                ; Off                ;
; Remove Duplicate Registers                                       ; On                 ; On                 ;
; Ignore CARRY Buffers                                             ; Off                ; Off                ;
; Ignore CASCADE Buffers                                           ; Off                ; Off                ;
; Ignore GLOBAL Buffers                                            ; Off                ; Off                ;
; Ignore ROW GLOBAL Buffers                                        ; Off                ; Off                ;
; Ignore LCELL Buffers                                             ; Off                ; Off                ;
; Ignore SOFT Buffers                                              ; On                 ; On                 ;
; Limit AHDL Integers to 32 Bits                                   ; Off                ; Off                ;
; Optimization Technique                                           ; Balanced           ; Balanced           ;
; Carry Chain Length                                               ; 70                 ; 70                 ;
; Auto Carry Chains                                                ; On                 ; On                 ;
; Auto Open-Drain Pins                                             ; On                 ; On                 ;
; Perform WYSIWYG Primitive Resynthesis                            ; Off                ; Off                ;
; Auto ROM Replacement                                             ; On                 ; On                 ;
; Auto RAM Replacement                                             ; On                 ; On                 ;
; Auto DSP Block Replacement                                       ; On                 ; On                 ;
; Auto Shift Register Replacement                                  ; Auto               ; Auto               ;
; Allow Shift Register Merging across Hierarchies                  ; Auto               ; Auto               ;
; Auto Clock Enable Replacement                                    ; On                 ; On                 ;
; Strict RAM Replacement                                           ; Off                ; Off                ;
; Allow Synchronous Control Signals                                ; On                 ; On                 ;
; Force Use of Synchronous Clear Signals                           ; Off                ; Off                ;
; Auto RAM Block Balancing                                         ; On                 ; On                 ;
; Auto RAM to Logic Cell Conversion                                ; Off                ; Off                ;
; Auto Resource Sharing                                            ; Off                ; Off                ;
; Allow Any RAM Size For Recognition                               ; Off                ; Off                ;
; Allow Any ROM Size For Recognition                               ; Off                ; Off                ;
; Allow Any Shift Register Size For Recognition                    ; Off                ; Off                ;
; Use LogicLock Constraints during Resource Balancing              ; On                 ; On                 ;
; Ignore translate_off and synthesis_off directives                ; Off                ; Off                ;
; Timing-Driven Synthesis                                          ; On                 ; On                 ;
; Report Parameter Settings                                        ; On                 ; On                 ;
; Report Source Assignments                                        ; On                 ; On                 ;
; Report Connectivity Checks                                       ; On                 ; On                 ;
; Ignore Maximum Fan-Out Assignments                               ; Off                ; Off                ;
; Synchronization Register Chain Length                            ; 2                  ; 2                  ;
; Power Optimization During Synthesis                              ; Normal compilation ; Normal compilation ;
; HDL message level                                                ; Level2             ; Level2             ;
; Suppress Register Optimization Related Messages                  ; Off                ; Off                ;
; Number of Removed Registers Reported in Synthesis Report         ; 5000               ; 5000               ;
; Number of Swept Nodes Reported in Synthesis Report               ; 5000               ; 5000               ;
; Number of Inverted Registers Reported in Synthesis Report        ; 100                ; 100                ;
; Clock MUX Protection                                             ; On                 ; On                 ;
; Auto Gated Clock Conversion                                      ; Off                ; Off                ;
; Block Design Naming                                              ; Auto               ; Auto               ;
; SDC constraint protection                                        ; Off                ; Off                ;
; Synthesis Effort                                                 ; Auto               ; Auto               ;
; Shift Register Replacement - Allow Asynchronous Clear Signal     ; On                 ; On                 ;
; Pre-Mapping Resynthesis Optimization                             ; Off                ; Off                ;
; Analysis & Synthesis Message Level                               ; Medium             ; Medium             ;
; Disable Register Merging Across Hierarchies                      ; Auto               ; Auto               ;
; Resource Aware Inference For Block RAM                           ; On                 ; On                 ;
+------------------------------------------------------------------+--------------------+--------------------+


+------------------------------------------+
; Parallel Compilation                     ;
+----------------------------+-------------+
; Processors                 ; Number      ;
+----------------------------+-------------+
; Number detected on machine ; 4           ;
; Maximum allowed            ; 4           ;
;                            ;             ;
; Average used               ; 1.00        ;
; Maximum used               ; 4           ;
;                            ;             ;
; Usage by Processor         ; % Time Used ;
;     Processor 1            ; 100.0%      ;
;     Processor 2            ;   0.1%      ;
;     Processor 3            ;   0.1%      ;
;     Processor 4            ;   0.1%      ;
+----------------------------+-------------+


+----------------------------------------------------------------------------------------------------------------------------------------------------------------------------------------------------------+
; Analysis & Synthesis Source Files Read                                                                                                                                                                   ;
+----------------------------------+-----------------+------------------------+------------------------------------------------------------------------------------------------------------------+---------+
; File Name with User-Entered Path ; Used in Netlist ; File Type              ; File Name with Absolute Path                                                                                     ; Library ;
+----------------------------------+-----------------+------------------------+------------------------------------------------------------------------------------------------------------------+---------+
; MMS_4num.v                       ; yes             ; User Verilog HDL File  ; C:/Users/User/Desktop/IC self_learning/IC design contest/106/question/E_ICC2018_priliminary_univ_cell/MMS_4num.v ;         ;
; MMS_2num.v                       ; yes             ; User Verilog HDL File  ; C:/Users/User/Desktop/IC self_learning/IC design contest/106/question/E_ICC2018_priliminary_univ_cell/MMS_2num.v ;         ;
; LCD_CTRL.v                       ; yes             ; User Verilog HDL File  ; C:/Users/User/Desktop/IC self_learning/IC design contest/106/question/E_ICC2018_priliminary_univ_cell/LCD_CTRL.v ;         ;
+----------------------------------+-----------------+------------------------+------------------------------------------------------------------------------------------------------------------+---------+


+--------------------------------------------------------------+
; Analysis & Synthesis Resource Usage Summary                  ;
+---------------------------------------------+----------------+
; Resource                                    ; Usage          ;
+---------------------------------------------+----------------+
; Estimated Total logic elements              ; 3,963          ;
;                                             ;                ;
; Total combinational functions               ; 3955           ;
; Logic element usage by number of LUT inputs ;                ;
;     -- 4 input functions                    ; 3518           ;
;     -- 3 input functions                    ; 403            ;
;     -- <=2 input functions                  ; 34             ;
;                                             ;                ;
; Logic elements by mode                      ;                ;
;     -- normal mode                          ; 3894           ;
;     -- arithmetic mode                      ; 61             ;
;                                             ;                ;
; Total registers                             ; 552            ;
;     -- Dedicated logic registers            ; 552            ;
;     -- I/O registers                        ; 0              ;
;                                             ;                ;
; I/O pins                                    ; 39             ;
;                                             ;                ;
; Embedded Multiplier 9-bit elements          ; 0              ;
;                                             ;                ;
; Maximum fan-out node                        ; buffer[0][5]~1 ;
; Maximum fan-out                             ; 768            ;
; Total fan-out                               ; 18098          ;
; Average fan-out                             ; 3.95           ;
+---------------------------------------------+----------------+


+--------------------------------------------------------------------------------------------------------------------------------------------------------------------------------------------------------------------------+
; Analysis & Synthesis Resource Utilization by Entity                                                                                                                                                                      ;
+----------------------------+---------------------+---------------------------+-------------+--------------+---------+-----------+------+--------------+-------------------------------------+-------------+--------------+
; Compilation Hierarchy Node ; Combinational ALUTs ; Dedicated Logic Registers ; Memory Bits ; DSP Elements ; DSP 9x9 ; DSP 18x18 ; Pins ; Virtual Pins ; Full Hierarchy Name                 ; Entity Name ; Library Name ;
+----------------------------+---------------------+---------------------------+-------------+--------------+---------+-----------+------+--------------+-------------------------------------+-------------+--------------+
; |LCD_CTRL                  ; 3955 (3875)         ; 552 (552)                 ; 0           ; 0            ; 0       ; 0         ; 39   ; 0            ; |LCD_CTRL                           ; LCD_CTRL    ; work         ;
;    |MMS_4num:a|            ; 48 (0)              ; 0 (0)                     ; 0           ; 0            ; 0       ; 0         ; 0    ; 0            ; |LCD_CTRL|MMS_4num:a                ; MMS_4num    ; work         ;
;       |MMS_2num:last|      ; 16 (16)             ; 0 (0)                     ; 0           ; 0            ; 0       ; 0         ; 0    ; 0            ; |LCD_CTRL|MMS_4num:a|MMS_2num:last  ; MMS_2num    ; work         ;
;       |MMS_2num:lower|     ; 16 (16)             ; 0 (0)                     ; 0           ; 0            ; 0       ; 0         ; 0    ; 0            ; |LCD_CTRL|MMS_4num:a|MMS_2num:lower ; MMS_2num    ; work         ;
;       |MMS_2num:upper|     ; 16 (16)             ; 0 (0)                     ; 0           ; 0            ; 0       ; 0         ; 0    ; 0            ; |LCD_CTRL|MMS_4num:a|MMS_2num:upper ; MMS_2num    ; work         ;
;    |MMS_4num:b|            ; 32 (0)              ; 0 (0)                     ; 0           ; 0            ; 0       ; 0         ; 0    ; 0            ; |LCD_CTRL|MMS_4num:b                ; MMS_4num    ; work         ;
;       |MMS_2num:last|      ; 16 (16)             ; 0 (0)                     ; 0           ; 0            ; 0       ; 0         ; 0    ; 0            ; |LCD_CTRL|MMS_4num:b|MMS_2num:last  ; MMS_2num    ; work         ;
;       |MMS_2num:lower|     ; 8 (8)               ; 0 (0)                     ; 0           ; 0            ; 0       ; 0         ; 0    ; 0            ; |LCD_CTRL|MMS_4num:b|MMS_2num:lower ; MMS_2num    ; work         ;
;       |MMS_2num:upper|     ; 8 (8)               ; 0 (0)                     ; 0           ; 0            ; 0       ; 0         ; 0    ; 0            ; |LCD_CTRL|MMS_4num:b|MMS_2num:upper ; MMS_2num    ; work         ;
+----------------------------+---------------------+---------------------------+-------------+--------------+---------+-----------+------+--------------+-------------------------------------+-------------+--------------+
Note: For table entries with two numbers listed, the numbers in parentheses indicate the number of resources of the given type used by the specific entity alone. The numbers listed outside of parentheses indicate the total resources of the given type used by the specific entity and all of its sub-entities in the hierarchy.


Encoding Type:  One-Hot
+-------------------------------------------------------------------------------------------------------------------+
; State Machine - |LCD_CTRL|state_reg                                                                               ;
+---------------------------+------------------+-------------------+--------------------+---------------------------+
; Name                      ; state_reg.FINISH ; state_reg.PROCESS ; state_reg.WAIT_CMD ; state_reg.FETCH_AND_STORE ;
+---------------------------+------------------+-------------------+--------------------+---------------------------+
; state_reg.FETCH_AND_STORE ; 0                ; 0                 ; 0                  ; 0                         ;
; state_reg.WAIT_CMD        ; 0                ; 0                 ; 1                  ; 1                         ;
; state_reg.PROCESS         ; 0                ; 1                 ; 0                  ; 1                         ;
; state_reg.FINISH          ; 1                ; 0                 ; 0                  ; 1                         ;
+---------------------------+------------------+-------------------+--------------------+---------------------------+


+------------------------------------------------------------+
; Registers Removed During Synthesis                         ;
+---------------------------------------+--------------------+
; Register name                         ; Reason for Removal ;
+---------------------------------------+--------------------+
; state_reg~2                           ; Lost fanout        ;
; state_reg~3                           ; Lost fanout        ;
; Total Number of Removed Registers = 2 ;                    ;
+---------------------------------------+--------------------+


+------------------------------------------------------+
; General Register Statistics                          ;
+----------------------------------------------+-------+
; Statistic                                    ; Value ;
+----------------------------------------------+-------+
; Total registers                              ; 552   ;
; Number of registers using Synchronous Clear  ; 2     ;
; Number of registers using Synchronous Load   ; 512   ;
; Number of registers using Asynchronous Clear ; 28    ;
; Number of registers using Asynchronous Load  ; 0     ;
; Number of registers using Clock Enable       ; 540   ;
; Number of registers using Preset             ; 0     ;
+----------------------------------------------+-------+


+---------------------------------------------------+
; Inverted Register Statistics                      ;
+-----------------------------------------+---------+
; Inverted Register                       ; Fan out ;
+-----------------------------------------+---------+
; IROM_A[1]~reg0                          ; 19      ;
; IROM_A[2]~reg0                          ; 19      ;
; IROM_A[3]~reg0                          ; 19      ;
; IROM_A[4]~reg0                          ; 7       ;
; IROM_A[5]~reg0                          ; 7       ;
; buffer_idx[1]                           ; 83      ;
; buffer_idx[2]                           ; 87      ;
; buffer_idx[3]                           ; 87      ;
; buffer_idx[4]                           ; 83      ;
; buffer_idx[5]                           ; 91      ;
; IROM_A[0]~reg0                          ; 20      ;
; IRAM_A[0]~reg0                          ; 1       ;
; IRAM_A[1]~reg0                          ; 1       ;
; IRAM_A[2]~reg0                          ; 1       ;
; IRAM_A[3]~reg0                          ; 1       ;
; IRAM_A[4]~reg0                          ; 1       ;
; IRAM_A[5]~reg0                          ; 1       ;
; busy~reg0                               ; 2       ;
; buffer_idx[0]                           ; 92      ;
; idx[5]                                  ; 157     ;
; idx[2]                                  ; 121     ;
; Total number of inverted registers = 21 ;         ;
+-----------------------------------------+---------+


+------------------------------------------------------------------------------------------------------------------------------------------+
; Multiplexer Restructuring Statistics (Restructuring Performed)                                                                           ;
+--------------------+-----------+---------------+----------------------+------------------------+------------+----------------------------+
; Multiplexer Inputs ; Bus Width ; Baseline Area ; Area if Restructured ; Saving if Restructured ; Registered ; Example Multiplexer Output ;
+--------------------+-----------+---------------+----------------------+------------------------+------------+----------------------------+
; 64:1               ; 8 bits    ; 336 LEs       ; 336 LEs              ; 0 LEs                  ; Yes        ; |LCD_CTRL|IRAM_D[3]~reg0   ;
; 34:1               ; 8 bits    ; 176 LEs       ; 40 LEs               ; 136 LEs                ; Yes        ; |LCD_CTRL|buffer[0][5]     ;
; 34:1               ; 8 bits    ; 176 LEs       ; 40 LEs               ; 136 LEs                ; Yes        ; |LCD_CTRL|buffer[1][5]     ;
; 34:1               ; 8 bits    ; 176 LEs       ; 40 LEs               ; 136 LEs                ; Yes        ; |LCD_CTRL|buffer[2][1]     ;
; 34:1               ; 8 bits    ; 176 LEs       ; 40 LEs               ; 136 LEs                ; Yes        ; |LCD_CTRL|buffer[3][3]     ;
; 34:1               ; 8 bits    ; 176 LEs       ; 40 LEs               ; 136 LEs                ; Yes        ; |LCD_CTRL|buffer[4][0]     ;
; 34:1               ; 8 bits    ; 176 LEs       ; 40 LEs               ; 136 LEs                ; Yes        ; |LCD_CTRL|buffer[5][6]     ;
; 34:1               ; 8 bits    ; 176 LEs       ; 40 LEs               ; 136 LEs                ; Yes        ; |LCD_CTRL|buffer[6][4]     ;
; 34:1               ; 8 bits    ; 176 LEs       ; 40 LEs               ; 136 LEs                ; Yes        ; |LCD_CTRL|buffer[7][3]     ;
; 34:1               ; 8 bits    ; 176 LEs       ; 40 LEs               ; 136 LEs                ; Yes        ; |LCD_CTRL|buffer[8][0]     ;
; 34:1               ; 8 bits    ; 176 LEs       ; 40 LEs               ; 136 LEs                ; Yes        ; |LCD_CTRL|buffer[9][0]     ;
; 34:1               ; 8 bits    ; 176 LEs       ; 40 LEs               ; 136 LEs                ; Yes        ; |LCD_CTRL|buffer[10][4]    ;
; 34:1               ; 8 bits    ; 176 LEs       ; 40 LEs               ; 136 LEs                ; Yes        ; |LCD_CTRL|buffer[11][0]    ;
; 34:1               ; 8 bits    ; 176 LEs       ; 40 LEs               ; 136 LEs                ; Yes        ; |LCD_CTRL|buffer[12][1]    ;
; 34:1               ; 8 bits    ; 176 LEs       ; 40 LEs               ; 136 LEs                ; Yes        ; |LCD_CTRL|buffer[13][1]    ;
; 34:1               ; 8 bits    ; 176 LEs       ; 40 LEs               ; 136 LEs                ; Yes        ; |LCD_CTRL|buffer[14][2]    ;
; 34:1               ; 8 bits    ; 176 LEs       ; 40 LEs               ; 136 LEs                ; Yes        ; |LCD_CTRL|buffer[15][4]    ;
; 34:1               ; 8 bits    ; 176 LEs       ; 40 LEs               ; 136 LEs                ; Yes        ; |LCD_CTRL|buffer[16][1]    ;
; 34:1               ; 8 bits    ; 176 LEs       ; 40 LEs               ; 136 LEs                ; Yes        ; |LCD_CTRL|buffer[17][1]    ;
; 34:1               ; 8 bits    ; 176 LEs       ; 40 LEs               ; 136 LEs                ; Yes        ; |LCD_CTRL|buffer[18][1]    ;
; 34:1               ; 8 bits    ; 176 LEs       ; 40 LEs               ; 136 LEs                ; Yes        ; |LCD_CTRL|buffer[19][6]    ;
; 34:1               ; 8 bits    ; 176 LEs       ; 40 LEs               ; 136 LEs                ; Yes        ; |LCD_CTRL|buffer[20][0]    ;
; 34:1               ; 8 bits    ; 176 LEs       ; 40 LEs               ; 136 LEs                ; Yes        ; |LCD_CTRL|buffer[21][4]    ;
; 34:1               ; 8 bits    ; 176 LEs       ; 40 LEs               ; 136 LEs                ; Yes        ; |LCD_CTRL|buffer[22][4]    ;
; 34:1               ; 8 bits    ; 176 LEs       ; 40 LEs               ; 136 LEs                ; Yes        ; |LCD_CTRL|buffer[23][4]    ;
; 34:1               ; 8 bits    ; 176 LEs       ; 40 LEs               ; 136 LEs                ; Yes        ; |LCD_CTRL|buffer[24][2]    ;
; 34:1               ; 8 bits    ; 176 LEs       ; 40 LEs               ; 136 LEs                ; Yes        ; |LCD_CTRL|buffer[25][4]    ;
; 34:1               ; 8 bits    ; 176 LEs       ; 40 LEs               ; 136 LEs                ; Yes        ; |LCD_CTRL|buffer[26][1]    ;
; 34:1               ; 8 bits    ; 176 LEs       ; 40 LEs               ; 136 LEs                ; Yes        ; |LCD_CTRL|buffer[27][7]    ;
; 34:1               ; 8 bits    ; 176 LEs       ; 40 LEs               ; 136 LEs                ; Yes        ; |LCD_CTRL|buffer[28][2]    ;
; 34:1               ; 8 bits    ; 176 LEs       ; 40 LEs               ; 136 LEs                ; Yes        ; |LCD_CTRL|buffer[29][0]    ;
; 34:1               ; 8 bits    ; 176 LEs       ; 40 LEs               ; 136 LEs                ; Yes        ; |LCD_CTRL|buffer[30][3]    ;
; 34:1               ; 8 bits    ; 176 LEs       ; 40 LEs               ; 136 LEs                ; Yes        ; |LCD_CTRL|buffer[31][6]    ;
; 34:1               ; 8 bits    ; 176 LEs       ; 40 LEs               ; 136 LEs                ; Yes        ; |LCD_CTRL|buffer[32][6]    ;
; 34:1               ; 8 bits    ; 176 LEs       ; 40 LEs               ; 136 LEs                ; Yes        ; |LCD_CTRL|buffer[33][4]    ;
; 34:1               ; 8 bits    ; 176 LEs       ; 40 LEs               ; 136 LEs                ; Yes        ; |LCD_CTRL|buffer[34][5]    ;
; 34:1               ; 8 bits    ; 176 LEs       ; 40 LEs               ; 136 LEs                ; Yes        ; |LCD_CTRL|buffer[35][3]    ;
; 34:1               ; 8 bits    ; 176 LEs       ; 40 LEs               ; 136 LEs                ; Yes        ; |LCD_CTRL|buffer[36][3]    ;
; 34:1               ; 8 bits    ; 176 LEs       ; 40 LEs               ; 136 LEs                ; Yes        ; |LCD_CTRL|buffer[37][2]    ;
; 34:1               ; 8 bits    ; 176 LEs       ; 40 LEs               ; 136 LEs                ; Yes        ; |LCD_CTRL|buffer[38][4]    ;
; 34:1               ; 8 bits    ; 176 LEs       ; 40 LEs               ; 136 LEs                ; Yes        ; |LCD_CTRL|buffer[39][1]    ;
; 34:1               ; 8 bits    ; 176 LEs       ; 40 LEs               ; 136 LEs                ; Yes        ; |LCD_CTRL|buffer[40][3]    ;
; 34:1               ; 8 bits    ; 176 LEs       ; 40 LEs               ; 136 LEs                ; Yes        ; |LCD_CTRL|buffer[41][7]    ;
; 34:1               ; 8 bits    ; 176 LEs       ; 40 LEs               ; 136 LEs                ; Yes        ; |LCD_CTRL|buffer[42][2]    ;
; 34:1               ; 8 bits    ; 176 LEs       ; 40 LEs               ; 136 LEs                ; Yes        ; |LCD_CTRL|buffer[43][5]    ;
; 34:1               ; 8 bits    ; 176 LEs       ; 40 LEs               ; 136 LEs                ; Yes        ; |LCD_CTRL|buffer[44][3]    ;
; 34:1               ; 8 bits    ; 176 LEs       ; 40 LEs               ; 136 LEs                ; Yes        ; |LCD_CTRL|buffer[45][3]    ;
; 34:1               ; 8 bits    ; 176 LEs       ; 40 LEs               ; 136 LEs                ; Yes        ; |LCD_CTRL|buffer[46][0]    ;
; 34:1               ; 8 bits    ; 176 LEs       ; 40 LEs               ; 136 LEs                ; Yes        ; |LCD_CTRL|buffer[47][6]    ;
; 34:1               ; 8 bits    ; 176 LEs       ; 40 LEs               ; 136 LEs                ; Yes        ; |LCD_CTRL|buffer[48][6]    ;
; 34:1               ; 8 bits    ; 176 LEs       ; 40 LEs               ; 136 LEs                ; Yes        ; |LCD_CTRL|buffer[49][0]    ;
; 34:1               ; 8 bits    ; 176 LEs       ; 40 LEs               ; 136 LEs                ; Yes        ; |LCD_CTRL|buffer[50][4]    ;
; 34:1               ; 8 bits    ; 176 LEs       ; 40 LEs               ; 136 LEs                ; Yes        ; |LCD_CTRL|buffer[51][1]    ;
; 34:1               ; 8 bits    ; 176 LEs       ; 40 LEs               ; 136 LEs                ; Yes        ; |LCD_CTRL|buffer[52][1]    ;
; 34:1               ; 8 bits    ; 176 LEs       ; 40 LEs               ; 136 LEs                ; Yes        ; |LCD_CTRL|buffer[53][6]    ;
; 34:1               ; 8 bits    ; 176 LEs       ; 40 LEs               ; 136 LEs                ; Yes        ; |LCD_CTRL|buffer[54][4]    ;
; 34:1               ; 8 bits    ; 176 LEs       ; 40 LEs               ; 136 LEs                ; Yes        ; |LCD_CTRL|buffer[55][4]    ;
; 34:1               ; 8 bits    ; 176 LEs       ; 40 LEs               ; 136 LEs                ; Yes        ; |LCD_CTRL|buffer[56][4]    ;
; 34:1               ; 8 bits    ; 176 LEs       ; 40 LEs               ; 136 LEs                ; Yes        ; |LCD_CTRL|buffer[57][4]    ;
; 34:1               ; 8 bits    ; 176 LEs       ; 40 LEs               ; 136 LEs                ; Yes        ; |LCD_CTRL|buffer[58][4]    ;
; 34:1               ; 8 bits    ; 176 LEs       ; 40 LEs               ; 136 LEs                ; Yes        ; |LCD_CTRL|buffer[59][2]    ;
; 34:1               ; 8 bits    ; 176 LEs       ; 40 LEs               ; 136 LEs                ; Yes        ; |LCD_CTRL|buffer[60][1]    ;
; 34:1               ; 8 bits    ; 176 LEs       ; 40 LEs               ; 136 LEs                ; Yes        ; |LCD_CTRL|buffer[61][3]    ;
; 34:1               ; 8 bits    ; 176 LEs       ; 40 LEs               ; 136 LEs                ; Yes        ; |LCD_CTRL|buffer[62][5]    ;
; 34:1               ; 8 bits    ; 176 LEs       ; 40 LEs               ; 136 LEs                ; Yes        ; |LCD_CTRL|buffer[63][6]    ;
; 8:1                ; 16 bits   ; 80 LEs        ; 80 LEs               ; 0 LEs                  ; No         ; |LCD_CTRL|Mux42            ;
; 8:1                ; 16 bits   ; 80 LEs        ; 80 LEs               ; 0 LEs                  ; No         ; |LCD_CTRL|Mux30            ;
; 8:1                ; 64 bits   ; 320 LEs       ; 320 LEs              ; 0 LEs                  ; No         ; |LCD_CTRL|Mux59            ;
; 8:1                ; 64 bits   ; 320 LEs       ; 320 LEs              ; 0 LEs                  ; No         ; |LCD_CTRL|Mux43            ;
+--------------------+-----------+---------------+----------------------+------------------------+------------+----------------------------+


+------------------------------------------+
; Port Connectivity Checks: "MMS_4num:b"   ;
+--------+-------+----------+--------------+
; Port   ; Type  ; Severity ; Details      ;
+--------+-------+----------+--------------+
; select ; Input ; Info     ; Stuck at VCC ;
+--------+-------+----------+--------------+


+------------------------------------------+
; Port Connectivity Checks: "MMS_4num:a"   ;
+--------+-------+----------+--------------+
; Port   ; Type  ; Severity ; Details      ;
+--------+-------+----------+--------------+
; select ; Input ; Info     ; Stuck at GND ;
+--------+-------+----------+--------------+


+-----------------------------------------------------+
; Post-Synthesis Netlist Statistics for Top Partition ;
+-----------------------+-----------------------------+
; Type                  ; Count                       ;
+-----------------------+-----------------------------+
; boundary_port         ; 39                          ;
; cycloneiii_ff         ; 552                         ;
;     CLR               ; 8                           ;
;     ENA               ; 8                           ;
;     ENA CLR           ; 20                          ;
;     ENA SLD           ; 512                         ;
;     SCLR              ; 2                           ;
;     plain             ; 2                           ;
; cycloneiii_lcell_comb ; 3968                        ;
;     arith             ; 61                          ;
;         2 data inputs ; 6                           ;
;         3 data inputs ; 55                          ;
;     normal            ; 3907                        ;
;         0 data inputs ; 3                           ;
;         1 data inputs ; 17                          ;
;         2 data inputs ; 21                          ;
;         3 data inputs ; 348                         ;
;         4 data inputs ; 3518                        ;
;                       ;                             ;
; Max LUT depth         ; 13.40                       ;
; Average LUT depth     ; 10.69                       ;
+-----------------------+-----------------------------+


+-------------------------------+
; Elapsed Time Per Partition    ;
+----------------+--------------+
; Partition Name ; Elapsed Time ;
+----------------+--------------+
; Top            ; 00:00:22     ;
+----------------+--------------+


+-------------------------------+
; Analysis & Synthesis Messages ;
+-------------------------------+
Info: *******************************************************************
Info: Running Quartus Prime Analysis & Synthesis
    Info: Version 20.1.1 Build 720 11/11/2020 SJ Lite Edition
    Info: Processing started: Tue Sep 05 12:02:16 2023
Info: Command: quartus_map --read_settings_files=on --write_settings_files=off LCD_CTRL -c LCD_CTRL
Warning (18236): Number of processors has not been specified which may cause overloading on shared machines.  Set the global assignment NUM_PARALLEL_PROCESSORS in your QSF to an appropriate value for best performance.
Info (20030): Parallel compilation is enabled and will use 4 of the 4 processors detected
Info (12021): Found 1 design units, including 1 entities, in source file mms_4num.v
    Info (12023): Found entity 1: MMS_4num File: C:/Users/User/Desktop/IC self_learning/IC design contest/106/question/E_ICC2018_priliminary_univ_cell/MMS_4num.v Line: 1
Info (12021): Found 1 design units, including 1 entities, in source file mms_2num.v
    Info (12023): Found entity 1: MMS_2num File: C:/Users/User/Desktop/IC self_learning/IC design contest/106/question/E_ICC2018_priliminary_univ_cell/MMS_2num.v Line: 1
Info (12021): Found 1 design units, including 1 entities, in source file lcd_ctrl.v
    Info (12023): Found entity 1: LCD_CTRL File: C:/Users/User/Desktop/IC self_learning/IC design contest/106/question/E_ICC2018_priliminary_univ_cell/LCD_CTRL.v Line: 1
Info (12127): Elaborating entity "LCD_CTRL" for the top level hierarchy
Info (10264): Verilog HDL Case Statement information at LCD_CTRL.v(37): all case item expressions in this case statement are onehot File: C:/Users/User/Desktop/IC self_learning/IC design contest/106/question/E_ICC2018_priliminary_univ_cell/LCD_CTRL.v Line: 37
Info (12128): Elaborating entity "MMS_4num" for hierarchy "MMS_4num:a" File: C:/Users/User/Desktop/IC self_learning/IC design contest/106/question/E_ICC2018_priliminary_univ_cell/LCD_CTRL.v Line: 69
Info (12128): Elaborating entity "MMS_2num" for hierarchy "MMS_4num:a|MMS_2num:upper" File: C:/Users/User/Desktop/IC self_learning/IC design contest/106/question/E_ICC2018_priliminary_univ_cell/MMS_4num.v Line: 14
Info (13000): Registers with preset signals will power-up high File: C:/Users/User/Desktop/IC self_learning/IC design contest/106/question/E_ICC2018_priliminary_univ_cell/LCD_CTRL.v Line: 88
Info (13003): DEV_CLRn pin will set, and not reset, register with preset signal due to NOT Gate Push-Back
Info (286030): Timing-Driven Synthesis is running
Info (17049): 2 registers lost all their fanouts during netlist optimizations.
Info (16010): Generating hard_block partition "hard_block:auto_generated_inst"
    Info (16011): Adding 0 node(s), including 0 DDIO, 0 PLL, 0 transceiver and 0 LCELL
Info (21057): Implemented 4002 device resources after synthesis - the final resource count might be different
    Info (21058): Implemented 15 input pins
    Info (21059): Implemented 24 output pins
    Info (21061): Implemented 3963 logic cells
Info: Quartus Prime Analysis & Synthesis was successful. 0 errors, 1 warning
    Info: Peak virtual memory: 4794 megabytes
    Info: Processing ended: Tue Sep 05 12:02:54 2023
    Info: Elapsed time: 00:00:38
    Info: Total CPU time (on all processors): 00:00:44


